[DEBUG] --- [2024-10-04 13:06:29] [legendary_tracker.odin:247:main()] Loaded schemes. Longest scheme name: 'secret invasion of the skull shapeshifters'
[INFO ] --- [2024-10-04 13:06:29] [legendary_tracker.odin:257:main()] 

                    Name                    | +0  | +1  | +2  | +3  | F+0 | F+1 | F+2 | F+3 |

   Flood The Planet With Melted Glaciers    | ✔   | ✔   |     |     | ✔   |     | ✔   |     |
          War Of The Frost Giants           | ✔   | ✔   |     |     | ✔   |     |     |     |
      Sneak Attack The Heroes' Homes        | ✔   | ✔   |     |     | ✔   |     |     |     |
          Asgardian Test Of Worth           | ✔   | ✔   |     |     | ✔   |     |     |     |
             Capture Baby Hope              | ✔   | ✔   |     |     | ✔   |     |     |     |
        War For The Dream Dimension         | ✔   | ✔   |     |     | ✔   |     |     |     |
         Break The Planet Asunder           | ✔   | ✔   |     |     | ✔   |     |     |     |
       Trap Heroes In The Microverse        | ✔   | ✔   |     |     | ✔   |     |     |     |
         Ruin The Perfect Wedding           | ✔   | ✔   |     |     | ✔   |     |     |     |
    Transform Commuters Into Giant Ants     | ✔   | ✔   |     |     | ✔   |     |     |     |
     Reveal Heroes' Secret Identities       | ✔   | ✔   |     |     | ✔   |     |     |     |
         Epic Super Hero Civil War          | ✔   | ✔   |     |     | ✔   |     |     |     |
   Replace Earth's Leaders With Killbots    | ✔   | ✔   |     |     | ✔   |     |     |     |
             The Legacy Virus               | ✔   | ✔   |     |     | ✔   |     |     |     |
      Hydra Helicarriers Hunt Heroes        | ✔   | ✔   |     |     | ✔   |     |     |     |
        S.h.i.e.l.d. Vs. Hydra War          | ✔   | ✔   |     |     | ✔   |     |     |     |
          Invincible Force Field            | ✔   | ✔   |     |     | ✔   |     |     |     |
      Invade The Daily Bugle News Hq        | ✔   | ✔   |     |     | ✔   |     |     |     |
       Negative Zone Prison Breakout        | ✔   | ✔   |     |     | ✔   |     |     |     |
        Duels Of Science And Magic          | ✔   | ✔   |     |     | ✔   |     |     |     |
         Secret Empire Of Betrayal          | ✔   | ✔   |     |     | ✔   |     |     |     |
           Midtown Bank Robbery             | ✔   | ✔   |     |     | ✔   |     |     |     |
      Pull Earth Into Medieval Times        | ✔   | ✔   |     |     | ✔   |     |     |     |
               Age Of Ultron                | ✔   | ✔   |     |     | ✔   |     |     |     |
               War Of Kings                 | ✔   | ✔   |     |     | ✔   |     |     |     |
       Splice Human With Spider Dna         | ✔   | ✔   |     |     | ✔   |     |     |     |
         Detonate The Helicarrier           | ✔   | ✔   |     |     | ✔   |     |     |     |
     Imprison Unregistered Superhumans      | ✔   | ✔   |     |     | ✔   |     |     |     |
            Mutating Gamma Rays             | ✔   | ✔   |     |     | ✔   |     |     |     |
Secret Invasion Of The Skull Shapeshifters  | ✔   | ✔   |     |     | ✔   |     |     |     |
           Organized Crime Wave             | ✔   | ✔   |     |     | ✔   |     |     |     |
       Smash Two Dimensions Together        |     | ✔   | ✔   |     |     |     |     |     |



[INFO ] --- [2024-10-04 13:07:25] [legendary_tracker.odin:271:main()] 
Searching for: ''

[DEBUG] --- [2024-10-04 13:07:25] [legendary_tracker.odin:422:select_scheme()] Selecting scheme
[INFO ] --- [2024-10-04 13:07:25] [legendary_tracker.odin:424:select_scheme()] 	0: war of kings
[INFO ] --- [2024-10-04 13:07:25] [legendary_tracker.odin:424:select_scheme()] 	1: age of ultron
